<?xml version="1.0" encoding="UTF-8"?>
<testsuite name="com.ll.exam.sbb.SbbApplicationTests" tests="1" skipped="0" failures="0" errors="0" timestamp="2022-08-10T06:23:12" hostname="DESKTOP-9UQJ14N" time="0.159">
  <properties/>
  <testcase name="JPA_변경감지_테스트()" classname="com.ll.exam.sbb.SbbApplicationTests" time="0.159"/>
  <system-out><![CDATA[15:23:10.035 [Test worker] DEBUG org.springframework.test.context.BootstrapUtils - Instantiating CacheAwareContextLoaderDelegate from class [org.springframework.test.context.cache.DefaultCacheAwareContextLoaderDelegate]
15:23:10.042 [Test worker] DEBUG org.springframework.test.context.BootstrapUtils - Instantiating BootstrapContext using constructor [public org.springframework.test.context.support.DefaultBootstrapContext(java.lang.Class,org.springframework.test.context.CacheAwareContextLoaderDelegate)]
15:23:10.064 [Test worker] DEBUG org.springframework.test.context.BootstrapUtils - Instantiating TestContextBootstrapper for test class [com.ll.exam.sbb.SbbApplicationTests] from class [org.springframework.boot.test.context.SpringBootTestContextBootstrapper]
15:23:10.071 [Test worker] INFO org.springframework.boot.test.context.SpringBootTestContextBootstrapper - Neither @ContextConfiguration nor @ContextHierarchy found for test class [com.ll.exam.sbb.SbbApplicationTests], using SpringBootContextLoader
15:23:10.074 [Test worker] DEBUG org.springframework.test.context.support.AbstractContextLoader - Did not detect default resource location for test class [com.ll.exam.sbb.SbbApplicationTests]: class path resource [com/ll/exam/sbb/SbbApplicationTests-context.xml] does not exist
15:23:10.074 [Test worker] DEBUG org.springframework.test.context.support.AbstractContextLoader - Did not detect default resource location for test class [com.ll.exam.sbb.SbbApplicationTests]: class path resource [com/ll/exam/sbb/SbbApplicationTestsContext.groovy] does not exist
15:23:10.074 [Test worker] INFO org.springframework.test.context.support.AbstractContextLoader - Could not detect default resource locations for test class [com.ll.exam.sbb.SbbApplicationTests]: no resource found for suffixes {-context.xml, Context.groovy}.
15:23:10.074 [Test worker] INFO org.springframework.test.context.support.AnnotationConfigContextLoaderUtils - Could not detect default configuration classes for test class [com.ll.exam.sbb.SbbApplicationTests]: SbbApplicationTests does not declare any static, non-private, non-final, nested classes annotated with @Configuration.
15:23:10.101 [Test worker] DEBUG org.springframework.test.context.support.ActiveProfilesUtils - Could not find an 'annotation declaring class' for annotation type [org.springframework.test.context.ActiveProfiles] and class [com.ll.exam.sbb.SbbApplicationTests]
15:23:10.149 [Test worker] DEBUG org.springframework.context.annotation.ClassPathScanningCandidateComponentProvider - Identified candidate component class: file [D:\sbb\build\classes\java\main\com\ll\exam\sbb\SbbApplication.class]
15:23:10.150 [Test worker] INFO org.springframework.boot.test.context.SpringBootTestContextBootstrapper - Found @SpringBootConfiguration com.ll.exam.sbb.SbbApplication for test class com.ll.exam.sbb.SbbApplicationTests
15:23:10.220 [Test worker] DEBUG org.springframework.boot.test.context.SpringBootTestContextBootstrapper - @TestExecutionListeners is not present for class [com.ll.exam.sbb.SbbApplicationTests]: using defaults.
15:23:10.220 [Test worker] INFO org.springframework.boot.test.context.SpringBootTestContextBootstrapper - Loaded default TestExecutionListener class names from location [META-INF/spring.factories]: [org.springframework.boot.test.autoconfigure.restdocs.RestDocsTestExecutionListener, org.springframework.boot.test.autoconfigure.web.client.MockRestServiceServerResetTestExecutionListener, org.springframework.boot.test.autoconfigure.web.servlet.MockMvcPrintOnlyOnFailureTestExecutionListener, org.springframework.boot.test.autoconfigure.web.servlet.WebDriverTestExecutionListener, org.springframework.boot.test.autoconfigure.webservices.client.MockWebServiceServerTestExecutionListener, org.springframework.boot.test.mock.mockito.MockitoTestExecutionListener, org.springframework.boot.test.mock.mockito.ResetMocksTestExecutionListener, org.springframework.test.context.web.ServletTestExecutionListener, org.springframework.test.context.support.DirtiesContextBeforeModesTestExecutionListener, org.springframework.test.context.event.ApplicationEventsTestExecutionListener, org.springframework.test.context.support.DependencyInjectionTestExecutionListener, org.springframework.test.context.support.DirtiesContextTestExecutionListener, org.springframework.test.context.transaction.TransactionalTestExecutionListener, org.springframework.test.context.jdbc.SqlScriptsTestExecutionListener, org.springframework.test.context.event.EventPublishingTestExecutionListener]
15:23:10.231 [Test worker] INFO org.springframework.boot.test.context.SpringBootTestContextBootstrapper - Using TestExecutionListeners: [org.springframework.test.context.web.ServletTestExecutionListener@4fcee388, org.springframework.test.context.support.DirtiesContextBeforeModesTestExecutionListener@6f80fafe, org.springframework.test.context.event.ApplicationEventsTestExecutionListener@3af17be2, org.springframework.boot.test.mock.mockito.MockitoTestExecutionListener@f9879ac, org.springframework.boot.test.autoconfigure.SpringBootDependencyInjectionTestExecutionListener@37f21974, org.springframework.test.context.support.DirtiesContextTestExecutionListener@5f4d427e, org.springframework.test.context.transaction.TransactionalTestExecutionListener@6e521c1e, org.springframework.test.context.jdbc.SqlScriptsTestExecutionListener@224b4d61, org.springframework.test.context.event.EventPublishingTestExecutionListener@5d5d9e5, org.springframework.boot.test.autoconfigure.restdocs.RestDocsTestExecutionListener@303e3593, org.springframework.boot.test.autoconfigure.web.client.MockRestServiceServerResetTestExecutionListener@4ef27d66, org.springframework.boot.test.autoconfigure.web.servlet.MockMvcPrintOnlyOnFailureTestExecutionListener@362a019c, org.springframework.boot.test.autoconfigure.web.servlet.WebDriverTestExecutionListener@1d9bec4d, org.springframework.boot.test.autoconfigure.webservices.client.MockWebServiceServerTestExecutionListener@5c48c0c0, org.springframework.boot.test.mock.mockito.ResetMocksTestExecutionListener@10c8f62]
15:23:10.233 [Test worker] DEBUG org.springframework.test.context.support.AbstractDirtiesContextTestExecutionListener - Before test class: context [DefaultTestContext@493dfb8e testClass = SbbApplicationTests, testInstance = [null], testMethod = [null], testException = [null], mergedContextConfiguration = [WebMergedContextConfiguration@5d25e6bb testClass = SbbApplicationTests, locations = '{}', classes = '{class com.ll.exam.sbb.SbbApplication}', contextInitializerClasses = '[]', activeProfiles = '{}', propertySourceLocations = '{}', propertySourceProperties = '{org.springframework.boot.test.context.SpringBootTestContextBootstrapper=true}', contextCustomizers = set[org.springframework.boot.test.autoconfigure.actuate.metrics.MetricsExportContextCustomizerFactory$DisableMetricExportContextCustomizer@1a760689, org.springframework.boot.test.autoconfigure.properties.PropertyMappingContextCustomizer@0, org.springframework.boot.test.autoconfigure.web.servlet.WebDriverContextCustomizerFactory$Customizer@2f40e5db, org.springframework.boot.test.context.filter.ExcludeFilterContextCustomizer@12ed9db6, org.springframework.boot.test.json.DuplicateJsonObjectContextCustomizerFactory$DuplicateJsonObjectContextCustomizer@45fd9a4d, org.springframework.boot.test.mock.mockito.MockitoContextCustomizer@0, org.springframework.boot.test.web.client.TestRestTemplateContextCustomizer@15dcfae7, org.springframework.boot.test.context.SpringBootTestArgs@1, org.springframework.boot.test.context.SpringBootTestWebEnvironment@20ccf40b], resourceBasePath = 'src/main/webapp', contextLoader = 'org.springframework.boot.test.context.SpringBootContextLoader', parent = [null]], attributes = map['org.springframework.test.context.web.ServletTestExecutionListener.activateListener' -> true]], class annotated with @DirtiesContext [false] with mode [null].
   _____    _____   ____
  / ____|  / ____| |  _ \
 | (___   | (___   | |_) |
  \___ \   \___ \  |  _ <
  ____) |  ____) | | |_) |
 |_____/  |_____/  |____/

Powered by Spring Boot 2.7.2


2022-08-10 15:23:10.437  INFO 7280 --- [    Test worker] com.ll.exam.sbb.SbbApplicationTests      : Starting SbbApplicationTests using Java 17.0.3 on DESKTOP-9UQJ14N with PID 7280 (started by jaeho in D:\sbb)
2022-08-10 15:23:10.438  INFO 7280 --- [    Test worker] com.ll.exam.sbb.SbbApplicationTests      : No active profile set, falling back to 1 default profile: "default"
2022-08-10 15:23:10.842  INFO 7280 --- [    Test worker] .s.d.r.c.RepositoryConfigurationDelegate : Bootstrapping Spring Data JPA repositories in DEFAULT mode.
2022-08-10 15:23:10.874  INFO 7280 --- [    Test worker] .s.d.r.c.RepositoryConfigurationDelegate : Finished Spring Data repository scanning in 27 ms. Found 1 JPA repository interfaces.
2022-08-10 15:23:11.230  INFO 7280 --- [    Test worker] o.hibernate.jpa.internal.util.LogHelper  : HHH000204: Processing PersistenceUnitInfo [name: default]
2022-08-10 15:23:11.274  INFO 7280 --- [    Test worker] org.hibernate.Version                    : HHH000412: Hibernate ORM core version 5.6.10.Final
2022-08-10 15:23:11.391  INFO 7280 --- [    Test worker] o.hibernate.annotations.common.Version   : HCANN000001: Hibernate Commons Annotations {5.1.2.Final}
2022-08-10 15:23:11.467  INFO 7280 --- [    Test worker] com.zaxxer.hikari.HikariDataSource       : HikariPool-1 - Starting...
2022-08-10 15:23:11.635  INFO 7280 --- [    Test worker] com.zaxxer.hikari.HikariDataSource       : HikariPool-1 - Start completed.
2022-08-10 15:23:11.646  INFO 7280 --- [    Test worker] org.hibernate.dialect.Dialect            : HHH000400: Using dialect: org.hibernate.dialect.H2Dialect
2022-08-10 15:23:12.047  INFO 7280 --- [    Test worker] o.h.e.t.j.p.i.JtaPlatformInitiator       : HHH000490: Using JtaPlatform implementation: [org.hibernate.engine.transaction.jta.platform.internal.NoJtaPlatform]
2022-08-10 15:23:12.052  INFO 7280 --- [    Test worker] j.LocalContainerEntityManagerFactoryBean : Initialized JPA EntityManagerFactory for persistence unit 'default'
2022-08-10 15:23:12.411  WARN 7280 --- [    Test worker] JpaBaseConfiguration$JpaWebConfiguration : spring.jpa.open-in-view is enabled by default. Therefore, database queries may be performed during view rendering. Explicitly configure spring.jpa.open-in-view to disable this warning
2022-08-10 15:23:12.579  INFO 7280 --- [    Test worker] o.s.b.a.h2.H2ConsoleAutoConfiguration    : H2 console available at '/h2-console'. Database available at 'jdbc:h2:~/local'
2022-08-10 15:23:12.807  INFO 7280 --- [    Test worker] com.ll.exam.sbb.SbbApplicationTests      : Started SbbApplicationTests in 2.549 seconds (JVM running for 3.533)
2022-08-10 15:23:12.830  INFO 7280 --- [    Test worker] o.s.t.c.transaction.TransactionContext   : Began transaction (1) for test context [DefaultTestContext@493dfb8e testClass = SbbApplicationTests, testInstance = com.ll.exam.sbb.SbbApplicationTests@38b7004d, testMethod = JPA_변경감지_테스트@SbbApplicationTests, testException = [null], mergedContextConfiguration = [WebMergedContextConfiguration@5d25e6bb testClass = SbbApplicationTests, locations = '{}', classes = '{class com.ll.exam.sbb.SbbApplication}', contextInitializerClasses = '[]', activeProfiles = '{}', propertySourceLocations = '{}', propertySourceProperties = '{org.springframework.boot.test.context.SpringBootTestContextBootstrapper=true}', contextCustomizers = set[org.springframework.boot.test.autoconfigure.actuate.metrics.MetricsExportContextCustomizerFactory$DisableMetricExportContextCustomizer@1a760689, org.springframework.boot.test.autoconfigure.properties.PropertyMappingContextCustomizer@0, org.springframework.boot.test.autoconfigure.web.servlet.WebDriverContextCustomizerFactory$Customizer@2f40e5db, org.springframework.boot.test.context.filter.ExcludeFilterContextCustomizer@12ed9db6, org.springframework.boot.test.json.DuplicateJsonObjectContextCustomizerFactory$DuplicateJsonObjectContextCustomizer@45fd9a4d, org.springframework.boot.test.mock.mockito.MockitoContextCustomizer@0, org.springframework.boot.test.web.client.TestRestTemplateContextCustomizer@15dcfae7, org.springframework.boot.test.context.SpringBootTestArgs@1, org.springframework.boot.test.context.SpringBootTestWebEnvironment@20ccf40b], resourceBasePath = 'src/main/webapp', contextLoader = 'org.springframework.boot.test.context.SpringBootContextLoader', parent = [null]], attributes = map['org.springframework.test.context.web.ServletTestExecutionListener.activateListener' -> true, 'org.springframework.test.context.web.ServletTestExecutionListener.populatedRequestContextHolder' -> true, 'org.springframework.test.context.web.ServletTestExecutionListener.resetRequestContextHolder' -> true, 'org.springframework.test.context.event.ApplicationEventsTestExecutionListener.recordApplicationEvents' -> false]]; transaction manager [org.springframework.orm.jpa.JpaTransactionManager@5c261c74]; rollback [true]
Hibernate: 
    select
        question0_.id as id1_1_0_,
        question0_.content as content2_1_0_,
        question0_.create_date as create_d3_1_0_,
        question0_.subject as subject4_1_0_ 
    from
        question question0_ 
    where
        question0_.id=?
2022-08-10 15:23:12.978  INFO 7280 --- [    Test worker] o.s.t.c.transaction.TransactionContext   : Rolled back transaction for test: [DefaultTestContext@493dfb8e testClass = SbbApplicationTests, testInstance = com.ll.exam.sbb.SbbApplicationTests@38b7004d, testMethod = JPA_변경감지_테스트@SbbApplicationTests, testException = [null], mergedContextConfiguration = [WebMergedContextConfiguration@5d25e6bb testClass = SbbApplicationTests, locations = '{}', classes = '{class com.ll.exam.sbb.SbbApplication}', contextInitializerClasses = '[]', activeProfiles = '{}', propertySourceLocations = '{}', propertySourceProperties = '{org.springframework.boot.test.context.SpringBootTestContextBootstrapper=true}', contextCustomizers = set[org.springframework.boot.test.autoconfigure.actuate.metrics.MetricsExportContextCustomizerFactory$DisableMetricExportContextCustomizer@1a760689, org.springframework.boot.test.autoconfigure.properties.PropertyMappingContextCustomizer@0, org.springframework.boot.test.autoconfigure.web.servlet.WebDriverContextCustomizerFactory$Customizer@2f40e5db, org.springframework.boot.test.context.filter.ExcludeFilterContextCustomizer@12ed9db6, org.springframework.boot.test.json.DuplicateJsonObjectContextCustomizerFactory$DuplicateJsonObjectContextCustomizer@45fd9a4d, org.springframework.boot.test.mock.mockito.MockitoContextCustomizer@0, org.springframework.boot.test.web.client.TestRestTemplateContextCustomizer@15dcfae7, org.springframework.boot.test.context.SpringBootTestArgs@1, org.springframework.boot.test.context.SpringBootTestWebEnvironment@20ccf40b], resourceBasePath = 'src/main/webapp', contextLoader = 'org.springframework.boot.test.context.SpringBootContextLoader', parent = [null]], attributes = map['org.springframework.test.context.web.ServletTestExecutionListener.activateListener' -> true, 'org.springframework.test.context.web.ServletTestExecutionListener.populatedRequestContextHolder' -> true, 'org.springframework.test.context.web.ServletTestExecutionListener.resetRequestContextHolder' -> true, 'org.springframework.test.context.event.ApplicationEventsTestExecutionListener.recordApplicationEvents' -> false]]
]]></system-out>
  <system-err><![CDATA[]]></system-err>
</testsuite>
